Arguments: 
  /home/gitpod/.nvm/versions/node/v14.17.6/bin/node /home/gitpod/.nvm/versions/node/v14.17.6/bin/yarn

PATH: 
  /home/gitpod/.sdkman/candidates/maven/current/bin:/home/gitpod/.sdkman/candidates/java/current/bin:/home/gitpod/.sdkman/candidates/gradle/current/bin:/home/gitpod/.rvm/gems/ruby-2.7.3/bin:/home/gitpod/.rvm/gems/ruby-2.7.3@global/bin:/home/gitpod/.rvm/rubies/ruby-2.7.3/bin:/home/gitpod/.pyenv/plugins/pyenv-virtualenv/shims:/workspace/.cargo/bin:/workspace/.pip-modules/bin:/workspace/.rvm/bin:/ide/bin:/workspace/.cargo/bin:/workspace/.rvm/bin:/workspace/.pip-modules/bin:/home/gitpod/.pyenv/bin:/home/gitpod/.pyenv/shims:/workspace/go/bin:/home/gitpod/go/bin:/home/gitpod/go-packages/bin:/usr/local/sbin:/usr/local/bin:/usr/sbin:/usr/bin:/sbin:/bin:/home/linuxbrew/.linuxbrew/bin:/home/linuxbrew/.linuxbrew/sbin/:/home/gitpod/.nvm/versions/node/v14.17.6/bin:/home/gitpod/.cargo/bin:/usr/games:/usr/games:/home/gitpod/.nvm/versions/node/v14.17.6/bin:/home/gitpod/.rvm/bin

Yarn version: 
  1.22.11

Node version: 
  14.17.6

Platform: 
  linux x64

Trace: 
  Error: https://registry.yarnpkg.com/@types/lodash/-/lodash-4.14.175.tgz: ENOENT: no such file or directory, open '/home/gitpod/.cache/yarn/v6/npm-@types-lodash-4.14.175-b78dfa959192b01fae0ad90e166478769b215f45-integrity/node_modules/@types/lodash/.yarn-tarball.tgz'

npm manifest: 
  {
     "name": "client",
     "version": "0.1.0",
     "private": true,
     "dependencies": {
        "@reduxjs/toolkit": "^1.6.1",
        "@types/lodash": "^4.14.172",
        "@types/node": "^12.0.0",
        "@types/qs": "^6.9.7",
        "@types/react": "^17.0.19",
        "@types/react-dom": "^17.0.9",
        "@types/react-router-dom": "^5.1.8",
        "@types/react-select": "^4.0.17",
        "aphrodite": "^2.4.0",
        "axios": "^0.21.1",
        "classnames": "^2.3.1",
        "http-proxy-middleware": "^2.0.1",
        "intersection-observer": "^0.12.0",
        "qs": "^6.10.1",
        "react": "^16.9.0",
        "react-cool-img": "^1.2.12",
        "react-dom": "^16.14.0",
        "react-icons": "^4.2.0",
        "react-redux": "^7.2.4",
        "react-router-dom": "^5.2.0",
        "react-scripts": "4.0.3",
        "react-select": "^4.3.1",
        "react-use": "^17.2.4",
        "sass": "^1.32.12",
        "scrolling-based-progressbar": "^1.21.0",
        "typescript": "^4.2.0"
     },
     "scripts": {
        "start": "react-scripts start",
        "build": "react-scripts build",
        "test": "react-scripts test",
        "eject": "react-scripts eject"
     },
     "eslintConfig": {
        "extends": [
           "react-app",
           "react-app/jest"
        ],
        "rules": {
           "@typescript-eslint/no-unused-vars": 0,
           "react-hooks/exhaustive-deps": 0
        }
     },
     "browserslist": {
        "production": [
           ">0.2%",
           "not dead",
           "not op_mini all"
        ],
        "development": [
           "last 1 chrome version",
           "last 1 firefox version",
           "last 1 safari version"
        ]
     }
  }

yarn manifest: 
  No manifest

Lockfile: 
  No lockfile
